<?xml version="1.0" encoding="UTF-8"?>
<testng-results skipped="0" failed="0" ignored="0" total="1" passed="1">
  <reporter-output>
    <line>
      <![CDATA[Page titleGoogle]]>
    </line>
  </reporter-output>
  <suite name="Default suite" duration-ms="26316" started-at="2020-05-13T16:16:06Z" finished-at="2020-05-13T16:16:32Z">
    <groups>
    </groups>
    <test name="Default test" duration-ms="26316" started-at="2020-05-13T16:16:06Z" finished-at="2020-05-13T16:16:32Z">
      <class name="com_DemoActiTime_Tests.Demo1">
        <test-method status="PASS" signature="TestA()[pri:0, instance:com_DemoActiTime_Tests.Demo1@3bfdc050]" name="TestA" duration-ms="26239" started-at="2020-05-13T16:16:06Z" finished-at="2020-05-13T16:16:32Z">
          <reporter-output>
            <line>
              <![CDATA[Page titleGoogle]]>
            </line>
          </reporter-output>
        </test-method> <!-- TestA -->
      </class> <!-- com_DemoActiTime_Tests.Demo1 -->
    </test> <!-- Default test -->
  </suite> <!-- Default suite -->
</testng-results>
